<?xml version="1.0" encoding="UTF-8"?>
<!-- Generated by org.testng.reporters.JUnitReportReporter -->
<testsuite hostname="LAPTOP-EDPPB13H" failures="0" tests="1" name="SeleniumAutomation.HomePageNavifgation" time="20.815" errors="0" timestamp="2020-12-21T16:22:54 IST" skipped="0">
  <testcase classname="SeleniumAutomation.HomePageNavifgation" name="urlNavigation" time="20.815"/>
  <system-out/>
</testsuite> <!-- SeleniumAutomation.HomePageNavifgation -->
