<?xml version="1.0" encoding="UTF-8"?>
<!-- Generated by org.testng.reporters.JUnitReportReporter -->
<testsuite hostname="LAPTOP-EDPPB13H" failures="0" tests="1" name="SeleniumAutomation.HomePageNavigation" time="56.031" errors="0" timestamp="2020-12-22T00:42:34 IST" skipped="0">
  <testcase classname="SeleniumAutomation.HomePageNavigation" name="urlNavigation" time="56.031"/>
  <system-out/>
</testsuite> <!-- SeleniumAutomation.HomePageNavigation -->
